c:\users\a\documents\poo\banque2\banque2\x64\debug\vc142.pdb
c:\users\a\documents\poo\banque2\banque2\x64\debug\vc142.idb
c:\users\a\documents\poo\banque2\banque2\x64\debug\operation.obj
c:\users\a\documents\poo\banque2\banque2\x64\debug\gc.obj
c:\users\a\documents\poo\banque2\banque2\x64\debug\compteepargne.obj
c:\users\a\documents\poo\banque2\banque2\x64\debug\comptecourant.obj
c:\users\a\documents\poo\banque2\banque2\x64\debug\compte.obj
c:\users\a\documents\poo\banque2\banque2\x64\debug\client.obj
c:\users\a\documents\poo\banque2\banque2\x64\debug\banque2.obj
c:\users\a\documents\poo\banque2\banque2\x64\debug\devise.obj
c:\users\a\documents\poo\banque2\banque2\x64\debug\retrait.obj
c:\users\a\documents\poo\banque2\banque2\x64\debug\depot.obj
c:\users\a\documents\poo\banque2\banque2\x64\debug\comptepayant.obj
c:\users\a\documents\poo\banque2\banque2\x64\debug\compteepargnepay.obj
c:\users\a\documents\poo\banque2\x64\debug\banque2.exe
c:\users\a\documents\poo\banque2\banque2\x64\debug\banque2.ilk
c:\users\a\documents\poo\banque2\x64\debug\banque2.pdb
c:\users\a\documents\poo\banque2\banque2\x64\debug\mad.obj
c:\users\a\documents\poo\banque2\banque2\x64\debug\banque2.tlog\cl.command.1.tlog
c:\users\a\documents\poo\banque2\banque2\x64\debug\banque2.tlog\cl.read.1.tlog
c:\users\a\documents\poo\banque2\banque2\x64\debug\banque2.tlog\cl.write.1.tlog
c:\users\a\documents\poo\banque2\banque2\x64\debug\banque2.tlog\link.command.1.tlog
c:\users\a\documents\poo\banque2\banque2\x64\debug\banque2.tlog\link.read.1.tlog
c:\users\a\documents\poo\banque2\banque2\x64\debug\banque2.tlog\link.write.1.tlog
